<?xml version="1.0" encoding="UTF-8"?>
<!-- Generated by org.testng.reporters.JUnitXMLReporter -->
<testsuite ignored="0" hostname="LAPTOP-GA4HMSSR" failures="0" tests="3" name="Default test" time="11.161" errors="0" timestamp="2022-11-22T08:22:53 IST">
  <testcase classname="com.qa.FacebookLoginValidation.LoginPageValidation" name="loginWithCorrectUsernameAndWrongPassword" time="2.016"/>
  <testcase classname="com.qa.FacebookLoginValidation.LoginPageValidation" name="loginWithWrongUsernameAndCorrectPassword" time="1.974"/>
  <testcase classname="com.qa.FacebookLoginValidation.LoginPageValidation" name="loginWithoutUsernameAndPassword" time="1.879"/>
</testsuite> <!-- Default test -->
